<?xml version="1.0" encoding="UTF-8"?>
<!-- Generated by org.testng.reporters.JUnitXMLReporter -->
<testsuite hostname="Manpreet" ignored="0" name="Add Contacts Test" tests="4" failures="0" timestamp="10 May 2021 11:24:32 GMT" time="66.879" errors="0">
  <testcase name="addContactsTest" time="5.939" classname="com.datadriven.testcases.AddContactsTest"/>
  <testcase name="addContactsTest" time="4.968" classname="com.datadriven.testcases.AddContactsTest"/>
  <testcase name="addContactsTest" time="5.454" classname="com.datadriven.testcases.AddContactsTest"/>
  <testcase name="addContactsTest" time="5.255" classname="com.datadriven.testcases.AddContactsTest"/>
</testsuite> <!-- Add Contacts Test -->
