<?xml version="1.0" encoding="UTF-8"?>
<!-- Generated by org.testng.reporters.JUnitXMLReporter -->
<testsuite hostname="Manpreet" ignored="0" name="Add Deals Test" tests="4" failures="0" timestamp="13 Apr 2021 02:49:08 GMT" time="164.001" errors="0">
  <testcase name="addDealsTest" time="15.607" classname="com.datadriven.testcases.AddDealsTest"/>
  <testcase name="addDealsTest" time="28.424" classname="com.datadriven.testcases.AddDealsTest"/>
  <testcase name="addDealsTest" time="25.335" classname="com.datadriven.testcases.AddDealsTest"/>
  <testcase name="addDealsTest" time="20.619" classname="com.datadriven.testcases.AddDealsTest"/>
</testsuite> <!-- Add Deals Test -->
