<?xml version="1.0" encoding="UTF-8"?>
<!-- Generated by org.testng.reporters.JUnitXMLReporter -->
<testsuite hostname="Manpreet" ignored="0" name="Add Contacts Test" tests="4" failures="0" timestamp="13 Apr 2021 02:46:24 GMT" time="189.09" errors="0">
  <testcase name="addContactsTest" time="18.037" classname="com.datadriven.testcases.AddContactsTest"/>
  <testcase name="addContactsTest" time="21.078" classname="com.datadriven.testcases.AddContactsTest"/>
  <testcase name="addContactsTest" time="32.109" classname="com.datadriven.testcases.AddContactsTest"/>
  <testcase name="addContactsTest" time="57.449" classname="com.datadriven.testcases.AddContactsTest"/>
</testsuite> <!-- Add Contacts Test -->
