<?xml version="1.0" encoding="UTF-8"?>
<testsuite name="Add Deals Test"
           tests="4"
           failures="0"
           errors="0"
           skipped="0"
           time="28.961">
  <properties />
  
  
            <testcase name="addDealsTest" time="4.491" classname="com.datadriven.testcases.AddDealsTest" />
                <testcase name="addDealsTest" time="4.375" classname="com.datadriven.testcases.AddDealsTest" />
                <testcase name="addDealsTest" time="16.719" classname="com.datadriven.testcases.AddDealsTest" />
                <testcase name="addDealsTest" time="3.376" classname="com.datadriven.testcases.AddDealsTest" />
      
</testsuite>
