<?xml version="1.0" encoding="UTF-8"?>
<testsuite name="Add Contacts Test"
           tests="4"
           failures="0"
           errors="0"
           skipped="0"
           time="21.616">
  <properties />
  
  
            <testcase name="addContactsTest" time="5.454" classname="com.datadriven.testcases.AddContactsTest" />
                <testcase name="addContactsTest" time="5.255" classname="com.datadriven.testcases.AddContactsTest" />
                <testcase name="addContactsTest" time="5.939" classname="com.datadriven.testcases.AddContactsTest" />
                <testcase name="addContactsTest" time="4.968" classname="com.datadriven.testcases.AddContactsTest" />
      
</testsuite>
