<?xml version="1.0" encoding="UTF-8"?>
<!-- Generated by org.testng.reporters.JUnitXMLReporter -->
<testsuite hostname="Manpreet" ignored="0" name="Add Contacts Test" tests="4" failures="0" timestamp="12 Apr 2021 06:16:16 GMT" time="37.722" errors="0">
  <testcase name="addContactsTest" time="6.145" classname="com.datadriven.testcases.AddContactsTest"/>
  <testcase name="addContactsTest" time="4.722" classname="com.datadriven.testcases.AddContactsTest"/>
  <testcase name="addContactsTest" time="4.232" classname="com.datadriven.testcases.AddContactsTest"/>
  <testcase name="addContactsTest" time="5.024" classname="com.datadriven.testcases.AddContactsTest"/>
</testsuite> <!-- Add Contacts Test -->
