<?xml version="1.0" encoding="UTF-8"?>
<!-- Generated by org.testng.reporters.JUnitXMLReporter -->
<testsuite hostname="Manpreet" ignored="0" name="Add Deals Test" tests="4" failures="0" timestamp="12 Apr 2021 06:17:13 GMT" time="57.064" errors="0">
  <testcase name="addDealsTest" time="4.491" classname="com.datadriven.testcases.AddDealsTest"/>
  <testcase name="addDealsTest" time="4.375" classname="com.datadriven.testcases.AddDealsTest"/>
  <testcase name="addDealsTest" time="3.376" classname="com.datadriven.testcases.AddDealsTest"/>
  <testcase name="addDealsTest" time="16.719" classname="com.datadriven.testcases.AddDealsTest"/>
</testsuite> <!-- Add Deals Test -->
