<?xml version="1.0" encoding="UTF-8"?>
<!-- Generated by org.testng.reporters.JUnitXMLReporter -->
<testsuite hostname="Manpreet" ignored="2" name="Cogmento Test" tests="4" failures="0" timestamp="08 Apr 2021 12:30:47 GMT" time="70.122" errors="0">
  <testcase name="addContactsTest" time="26.875" classname="com.datadriven.testcases.AddContactsTest"/>
  <testcase name="addContactsTest" time="3.549" classname="com.datadriven.testcases.AddContactsTest"/>
  <testcase name="addDealsTest" time="2.621" classname="com.datadriven.testcases.AddDealsTest"/>
  <testcase name="addDealsTest" time="2.362" classname="com.datadriven.testcases.AddDealsTest"/>
  <testcase name="@AfterSuite tearDown" time="0.0" classname="com.datadriven.base.TestBase">
    <ignored/>
  </testcase> <!-- @AfterSuite tearDown -->
  <testcase name="@BeforeSuite setUp" time="0.0" classname="com.datadriven.base.TestBase">
    <ignored/>
  </testcase> <!-- @BeforeSuite setUp -->
</testsuite> <!-- Cogmento Test -->
